<?xml version="1.0" encoding="UTF-8"?>
<!-- Generated by org.testng.reporters.JUnitReportReporter -->
<testsuite hostname="E1155407" failures="0" tests="3" name="APITests.APITest" time="2.269" errors="0" timestamp="2024-09-27T03:35:45 EEST" skipped="0">
  <testcase classname="APITests.APITest" name="createUserTest" time="1.667"/>
  <system-out/>
  <testcase classname="APITests.APITest" name="updateUserTest" time="0.325"/>
  <system-out/>
  <testcase classname="APITests.APITest" name="listUsersTest" time="0.277"/>
  <system-out/>
</testsuite> <!-- APITests.APITest -->
